[debug] [2023-02-09T19:20:56.275Z] ----------------------------------------------------------------------
[debug] [2023-02-09T19:20:56.281Z] Command:       /usr/local/bin/node /usr/local/bin/firebase init
[debug] [2023-02-09T19:20:56.282Z] CLI Version:   11.22.0
[debug] [2023-02-09T19:20:56.283Z] Platform:      darwin
[debug] [2023-02-09T19:20:56.283Z] Node Version:  v18.14.0
[debug] [2023-02-09T19:20:56.302Z] Time:          Fri Feb 10 2023 00:50:56 GMT+0530 (India Standard Time)
[debug] [2023-02-09T19:20:56.303Z] ----------------------------------------------------------------------
[debug] 
[debug] [2023-02-09T19:20:56.321Z] > command requires scopes: ["email","openid","https://www.googleapis.com/auth/cloudplatformprojects.readonly","https://www.googleapis.com/auth/firebase","https://www.googleapis.com/auth/cloud-platform"]
[debug] [2023-02-09T19:20:56.322Z] > authorizing via signed-in user (faangprep4@gmail.com)
[info] 
     ######## #### ########  ######## ########     ###     ######  ########
     ##        ##  ##     ## ##       ##     ##  ##   ##  ##       ##
     ######    ##  ########  ######   ########  #########  ######  ######
     ##        ##  ##    ##  ##       ##     ## ##     ##       ## ##
     ##       #### ##     ## ######## ########  ##     ##  ######  ########

You're about to initialize a Firebase project in this directory:

  /Users/paras/Desktop/amazino-fitness

[info] 
=== Project Setup
[info] 
[info] First, let's associate this project directory with a Firebase project.
[info] You can create multiple project aliases by running firebase use --add, 
[info] but for now we'll just set up a default project.
[info] 
[debug] [2023-02-09T19:24:00.051Z] >>> [apiv2][query] GET https://firebase.googleapis.com/v1beta1/projects pageSize=100
[debug] [2023-02-09T19:24:01.276Z] <<< [apiv2][status] GET https://firebase.googleapis.com/v1beta1/projects 200
[debug] [2023-02-09T19:24:01.277Z] <<< [apiv2][body] GET https://firebase.googleapis.com/v1beta1/projects [omitted]
[info] i  Using project amazino-fitness (amazino-fitness) 
[info] 
=== Hosting Setup
[info] 
[info] Your public directory is the folder (relative to your project directory) that
[info] will contain Hosting assets to be uploaded with firebase deploy. If you
[info] have a build process for your assets, use your build's output directory.
[info] 
[debug] [2023-02-09T19:26:25.373Z] >>> [apiv2][query] GET https://www.gstatic.com/firebasejs/releases.json [none]
[debug] [2023-02-09T19:26:25.519Z] <<< [apiv2][status] GET https://www.gstatic.com/firebasejs/releases.json 200
[debug] [2023-02-09T19:26:25.519Z] <<< [apiv2][body] GET https://www.gstatic.com/firebasejs/releases.json {"current":{"version":"9.17.1","browserURL":"https://www.gstatic.com/firebasejs/9.17.1/firebase.js","packageURL":"https://www.gstatic.com/firebasejs/9.17.1/firebase.tgz"},"live":{"version":"9.17","browserURL":"https://www.gstatic.com/firebasejs/live/9.17/firebase.js","packageURL":"https://www.gstatic.com/firebasejs/live/9.17/firebase.tgz"},"components":{"analytics":"https://www.gstatic.com/firebasejs/9.17.1/firebase-analytics.js","app":"https://www.gstatic.com/firebasejs/9.17.1/firebase-app.js","app-check":"https://www.gstatic.com/firebasejs/9.17.1/firebase-app-check.js","auth":"https://www.gstatic.com/firebasejs/9.17.1/firebase-auth.js","auth/cordova":"https://www.gstatic.com/firebasejs/9.17.1/firebase-auth/cordova.js","auth/react-native":"https://www.gstatic.com/firebasejs/9.17.1/firebase-auth/react-native.js","functions":"https://www.gstatic.com/firebasejs/9.17.1/firebase-functions.js","firestore":"https://www.gstatic.com/firebasejs/9.17.1/firebase-firestore.js","firestore/lite":"https://www.gstatic.com/firebasejs/9.17.1/firebase-firestore/lite.js","installations":"https://www.gstatic.com/firebasejs/9.17.1/firebase-installations.js","storage":"https://www.gstatic.com/firebasejs/9.17.1/firebase-storage.js","performance":"https://www.gstatic.com/firebasejs/9.17.1/firebase-performance.js","remote-config":"https://www.gstatic.com/firebasejs/9.17.1/firebase-remote-config.js","messaging":"https://www.gstatic.com/firebasejs/9.17.1/firebase-messaging.js","messaging/sw":"https://www.gstatic.com/firebasejs/9.17.1/firebase-messaging/sw.js","database":"https://www.gstatic.com/firebasejs/9.17.1/firebase-database.js","firestore.memory":"https://www.gstatic.com/firebasejs/9.17.1/firebase-firestore.memory.js"}}
[info] ✔  Wrote build/index.html 
[info] 
[info] i  Detected a .git folder at /Users/paras/Desktop/amazino-fitness 
[info] i  Authorizing with GitHub to upload your service account to a GitHub repository's secrets store. 
[info] 
[info] Visit this URL on this device to log in:
[info] https://github.com/login/oauth/authorize?client_id=89cf50f02ac6aaed3484&state=1044342726&redirect_uri=http%3A%2F%2Flocalhost%3A9005&scope=read%3Auser%20repo%20public_repo
[info] 
[info] Waiting for authentication...
[debug] [2023-02-09T19:30:32.047Z] >>> [apiv2][query] POST https://github.com/login/oauth/access_token [none]
[debug] [2023-02-09T19:30:32.048Z] >>> [apiv2][body] POST https://github.com/login/oauth/access_token [stream]
[debug] [2023-02-09T19:30:32.509Z] <<< [apiv2][status] POST https://github.com/login/oauth/access_token 200
[debug] [2023-02-09T19:30:32.509Z] <<< [apiv2][body] POST https://github.com/login/oauth/access_token {"access_token":"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","token_type":"bearer","scope":"read:user,repo"}
[debug] [2023-02-09T19:30:32.518Z] >>> [apiv2][query] GET https://api.github.com/user [none]
[debug] [2023-02-09T19:30:32.955Z] <<< [apiv2][status] GET https://api.github.com/user 200
[debug] [2023-02-09T19:30:32.956Z] <<< [apiv2][body] GET https://api.github.com/user {"login":"parasdevelops","id":124924463,"node_id":"U_kgDOB3IyLw","avatar_url":"https://avatars.githubusercontent.com/u/124924463?v=4","gravatar_id":"","url":"https://api.github.com/users/parasdevelops","html_url":"https://github.com/parasdevelops","followers_url":"https://api.github.com/users/parasdevelops/followers","following_url":"https://api.github.com/users/parasdevelops/following{/other_user}","gists_url":"https://api.github.com/users/parasdevelops/gists{/gist_id}","starred_url":"https://api.github.com/users/parasdevelops/starred{/owner}{/repo}","subscriptions_url":"https://api.github.com/users/parasdevelops/subscriptions","organizations_url":"https://api.github.com/users/parasdevelops/orgs","repos_url":"https://api.github.com/users/parasdevelops/repos","events_url":"https://api.github.com/users/parasdevelops/events{/privacy}","received_events_url":"https://api.github.com/users/parasdevelops/received_events","type":"User","site_admin":false,"name":null,"company":null,"blog":"","location":null,"email":null,"hireable":null,"bio":null,"twitter_username":null,"public_repos":0,"public_gists":0,"followers":0,"following":0,"created_at":"2023-02-09T19:28:58Z","updated_at":"2023-02-09T19:28:58Z","private_gists":0,"total_private_repos":0,"owned_private_repos":0,"disk_usage":0,"collaborators":0,"two_factor_authentication":false,"plan":{"name":"free","space":976562499,"collaborators":0,"private_repos":10000}}
[info] 
[info] ✔  Success! Logged into GitHub as parasdevelops 
[info] 
